Date/Time:       2024-06-03 16:18:14 
Command line:    C:\Users\thoma\AppData\Local\Programs\Python\Python310\Scripts\briefcase run android

OS Release:      Windows 10
OS Version:      10.0.22631
Architecture:    AMD64
Platform:        Windows-10-10.0.22631-SP0

Python exe:      C:\Users\thoma\AppData\Local\Programs\Python\Python310\python.exe
Python version:  3.10.10 (tags/v3.10.10:aad5f6a, Feb  7 2023, 17:20:36) [MSC v.1929 64 bit (AMD64)]
Virtual env:     False
Conda env:       False

Briefcase:       0.3.18
Target platform: android
Target format:   gradle

Environment Variables:
	ALLUSERSPROFILE=C:\ProgramData
	APPDATA=C:\Users\thoma\AppData\Roaming
	CHROME_CRASHPAD_PIPE_NAME=\\.\pipe\crashpad_15348_IGKDHDAUMSTDRBNS
	COLORTERM=truecolor
	COMMONPROGRAMFILES=C:\Program Files\Common Files
	COMMONPROGRAMFILES(X86)=C:\Program Files (x86)\Common Files
	COMMONPROGRAMW6432=C:\Program Files\Common Files
	COMPUTERNAME=DESKTOP-5769M0B
	COMSPEC=C:\WINDOWS\system32\cmd.exe
	DRIVERDATA=C:\Windows\System32\Drivers\DriverData
	EFC_6656=1
	GIT_ASKPASS=********************
	HOMEDRIVE=C:
	HOMEPATH=\Users\thoma
	IGCCSVC_DB=AQAAANCMnd8BFdERjHoAwE/Cl+sBAAAAP5kFI8fv9kKdZOpYDhzV4wQAAAACAAAAAAAQZgAAAAEAACAAAABtCFgKEmayTtIcHJ0E6XeMiGCQXcawDtcOiEmNwckOrgAAAAAOgAAAAAIAACAAAAArWmKBcRAiCrqL69NDfF2z5QhPgvcKMt18TbLa5H8fhGAAAAA0sPH5DSK7eErwj6p9zQNTLw9eekXVvGeUyJACyLEJE17dgWopZulXv1gdkCNz4Op06iEL0TFe5rymHkcwkzoCBi/+adIneS4fhZadcXDk/JtKDaqYLWc0hEW/w37k5gdAAAAACucmXfjSVS47b0xxLV7onQJIFSeq1/SURBCEdJZ3PmCS8sOQd8qEEJMSAM6+dNJtg4TcTHJa9dbCXgraJ79nDQ==
	LANG=en_US.UTF-8
	LOCALAPPDATA=C:\Users\thoma\AppData\Local
	LOGONSERVER=\\DESKTOP-5769M0B
	NUMBER_OF_PROCESSORS=20
	ONEDRIVE=C:\Users\Zoldowski\OneDrive
	ONEDRIVECONSUMER=C:\Users\Zoldowski\OneDrive
	ORIGINAL_XDG_CURRENT_DESKTOP=undefined
	OS=Windows_NT
	PATH=C:\Program Files\Common Files\Oracle\Java\javapath;C:\Program Files\Microsoft\jdk-11.0.16.101-hotspot\bin;C:\Windows\system32;C:\Windows;C:\Windows\System32\Wbem;C:\Windows\System32\WindowsPowerShell\v1.0\;C:\Windows\System32\OpenSSH\;C:\Program Files (x86)\NVIDIA Corporation\PhysX\Common;C:\Program Files\NVIDIA Corporation\NVIDIA NvDLISR;C:\Program Files\Git\cmd;C:\Program Files\dotnet\;C:\WINDOWS\system32;C:\WINDOWS;C:\WINDOWS\System32\Wbem;C:\WINDOWS\System32\WindowsPowerShell\v1.0\;C:\WINDOWS\System32\OpenSSH\;C:\Program Files\nodejs\;C:\Users\thoma\AppData\Local\Programs\Python\Python310\Scripts\;C:\Users\thoma\AppData\Local\Programs\Python\Python310\;C:\Users\thoma\AppData\Local\Programs\Python\Python311\Scripts\;C:\Users\thoma\AppData\Local\Programs\Python\Python311\;C:\Users\thoma\AppData\Local\Microsoft\WindowsApps;%HOME%\pip\pip.ini.;C:\Users\thoma\.dotnet\tools;C:\Users\thoma\AppData\Local\Programs\Microsoft VS Code\bin;C:\Users\thoma\AppData\Local\Microsoft\WinGet\Packages\Schniz.fnm_Microsoft.Winget.Source_8wekyb3d8bbwe;C:\Users\thoma\AppData\Roaming\npm;C:\Users\thoma\AppData\Local\GitHubDesktop\bin
	PATHEXT=.COM;.EXE;.BAT;.CMD;.VBS;.VBE;.JS;.JSE;.WSF;.WSH;.MSC;.CPL
	PROCESSOR_ARCHITECTURE=AMD64
	PROCESSOR_IDENTIFIER=Intel64 Family 6 Model 151 Stepping 2, GenuineIntel
	PROCESSOR_LEVEL=6
	PROCESSOR_REVISION=9702
	PROGRAMDATA=C:\ProgramData
	PROGRAMFILES=C:\Program Files
	PROGRAMFILES(X86)=C:\Program Files (x86)
	PROGRAMW6432=C:\Program Files
	PSMODULEPATH=C:\Users\Zoldowski\OneDrive\Documents\WindowsPowerShell\Modules;C:\Program Files\WindowsPowerShell\Modules;C:\WINDOWS\system32\WindowsPowerShell\v1.0\Modules
	PUBLIC=C:\Users\Public
	SESSIONNAME=Console
	SYSTEMDRIVE=C:
	SYSTEMROOT=C:\WINDOWS
	TEMP=C:\Users\thoma\AppData\Local\Temp
	TERM_PROGRAM=vscode
	TERM_PROGRAM_VERSION=1.89.1
	TMP=C:\Users\thoma\AppData\Local\Temp
	USERDOMAIN=DESKTOP-5769M0B
	USERDOMAIN_ROAMINGPROFILE=DESKTOP-5769M0B
	USERNAME=Zoldowski
	USERPROFILE=C:\Users\thoma
	VSCODE_GIT_ASKPASS_EXTRA_ARGS=********************
	VSCODE_GIT_ASKPASS_MAIN=********************
	VSCODE_GIT_ASKPASS_NODE=********************
	VSCODE_GIT_IPC_HANDLE=\\.\pipe\vscode-git-3ac7e128e7-sock
	VSCODE_INJECTION=1
	VSCODE_NONCE=8fbc0ec6-f1fa-4c88-bd95-56b9651d9868
	WINDIR=C:\WINDOWS
	ZES_ENABLE_SYSMAN=1

pyproject.toml:
# This project was generated with 0.3.18 using template: https://github.com/beeware/briefcase-template@v0.3.18
[tool.briefcase]
project_name = "FitMaster"
bundle = "org.beeware.fitmaster"
version = "0.0.1"
url = "https://example.com/"
license = "BSD license"
author = "Thomas"
author_email = "thomas@example.com"

[tool.briefcase.app.fitmaster]
formal_name = "FitMaster"
description = "A App"
long_description = """More details about the app should go here.
"""
sources = [
    "src/fitmaster",
]
test_sources = [
    "tests",
]

requires = [
]
test_requires = [
    "pytest",
]

[tool.briefcase.app.fitmaster.macOS]
universal_build = true
requires = [
    "toga-cocoa~=0.4.0",
    "std-nslog~=1.0.0",
]

[tool.briefcase.app.fitmaster.linux]
requires = [
    "toga-gtk~=0.4.0",
]

[tool.briefcase.app.fitmaster.linux.system.debian]
system_requires = [
    # Needed to compile pycairo wheel
    "libcairo2-dev",
    # Needed to compile PyGObject wheel
    "libgirepository1.0-dev",
]

system_runtime_requires = [
    # Needed to provide GTK and its GI bindings
    "gir1.2-gtk-3.0",
    "libgirepository-1.0-1",
    # Dependencies that GTK looks for at runtime
    "libcanberra-gtk3-module",
    # Needed to provide WebKit2 at runtime
    # Note: Debian 11 and Ubuntu 20.04 require gir1.2-webkit2-4.0 instead
    # "gir1.2-webkit2-4.1",
]

[tool.briefcase.app.fitmaster.linux.system.rhel]
system_requires = [
    # Needed to compile pycairo wheel
    "cairo-gobject-devel",
    # Needed to compile PyGObject wheel
    "gobject-introspection-devel",
]

system_runtime_requires = [
    # Needed to support Python bindings to GTK
    "gobject-introspection",
    # Needed to provide GTK
    "gtk3",
    # Dependencies that GTK looks for at runtime
    "libcanberra-gtk3",
    # Needed to provide WebKit2 at runtime
    # "webkit2gtk3",
]

[tool.briefcase.app.fitmaster.linux.system.suse]
system_requires = [
    # Needed to compile pycairo wheel
    "cairo-devel",
    # Needed to compile PyGObject wheel
    "gobject-introspection-devel",
]

system_runtime_requires = [
    # Needed to provide GTK
    "gtk3",
    # Needed to support Python bindings to GTK
    "gobject-introspection", "typelib(Gtk) = 3.0",
    # Dependencies that GTK looks for at runtime
    "libcanberra-gtk3-module",
    # Needed to provide WebKit2 at runtime
    # "libwebkit2gtk3", "typelib(WebKit2)",
]

[tool.briefcase.app.fitmaster.linux.system.arch]
system_requires = [
    # Needed to compile pycairo wheel
    "cairo",
    # Needed to compile PyGObject wheel
    "gobject-introspection",
    # Runtime dependencies that need to exist so that the
    # Arch package passes final validation.
    # Needed to provide GTK
    "gtk3",
    # Dependencies that GTK looks for at runtime
    "libcanberra",
    # Needed to provide WebKit2
    # "webkit2gtk",
]

system_runtime_requires = [
    # Needed to provide GTK
    "gtk3",
    # Needed to provide PyGObject bindings
    "gobject-introspection-runtime",
    # Dependencies that GTK looks for at runtime
    "libcanberra",
    # Needed to provide WebKit2 at runtime
    # "webkit2gtk",
]

[tool.briefcase.app.fitmaster.linux.appimage]
manylinux = "manylinux_2_28"

system_requires = [
    # Needed to compile pycairo wheel
    "cairo-gobject-devel",
    # Needed to compile PyGObject wheel
    "gobject-introspection-devel",
    # Needed to provide GTK
    "gtk3-devel",
    # Dependencies that GTK looks for at runtime, that need to be
    # in the build environment to be picked up by linuxdeploy
    "libcanberra-gtk3",
    "PackageKit-gtk3-module",
    "gvfs-client",
]

linuxdeploy_plugins = [
    "DEPLOY_GTK_VERSION=3 gtk",
]

[tool.briefcase.app.fitmaster.linux.flatpak]
flatpak_runtime = "org.gnome.Platform"
flatpak_runtime_version = "45"
flatpak_sdk = "org.gnome.Sdk"

[tool.briefcase.app.fitmaster.windows]
requires = [
    "toga-winforms~=0.4.0",
]

# Mobile deployments
[tool.briefcase.app.fitmaster.iOS]
requires = [
    "toga-iOS~=0.4.0",
    "std-nslog~=1.0.0",
]

[tool.briefcase.app.fitmaster.android]
requires = [
    "toga-android~=0.4.0",
]

base_theme = "Theme.MaterialComponents.Light.DarkActionBar"

build_gradle_dependencies = [
    "androidx.appcompat:appcompat:1.6.1",
    "com.google.android.material:material:1.11.0",
    # Needed for DetailedList
    "androidx.swiperefreshlayout:swiperefreshlayout:1.1.0",
]

# Web deployments
[tool.briefcase.app.fitmaster.web]
requires = [
    "toga-web~=0.4.0",
]
style_framework = "Shoelace v2.3"

Briefcase Log:
[16:18:11] Using JDK at C:\Users\thoma\AppData\Local\BeeWare\briefcase\Cache\tools\java17                                                                                java.py:258
           Using Android SDK at C:\Users\thoma\AppData\Local\BeeWare\briefcase\Cache\tools\android_sdk                                                            android_sdk.py:363
           Android emulator is already installed.                                                                                                                 android_sdk.py:638
                                                                                                                                                                   subprocess.py:823
           >>> Running Command:                                                                                                                                    subprocess.py:823
           >>>     'C:\Users\thoma\AppData\Local\BeeWare\briefcase\Cache\tools\android_sdk\platform-tools\adb.exe' devices -l                                      subprocess.py:823
           >>> Working Directory:                                                                                                                                  subprocess.py:823
           >>>     C:\Users\Zoldowski\OneDrive\CIS350\Final_Project\client\fitmaster                                                                               subprocess.py:823
           >>> Command Output:                                                                                                                                     subprocess.py:823
           >>>     List of devices attached                                                                                                                        subprocess.py:823
           >>>     emulator-5554          device product:sdk_gphone64_x86_64 model:sdk_gphone64_x86_64 device:emu64xa transport_id:1                               subprocess.py:823
           >>>                                                                                                                                                     subprocess.py:823
           >>> Return code: 0                                                                                                                                      subprocess.py:823
                                                                                                                                                                   subprocess.py:823
           >>> Running Command:                                                                                                                                    subprocess.py:823
           >>>     'C:\Users\thoma\AppData\Local\BeeWare\briefcase\Cache\tools\android_sdk\platform-tools\adb.exe' -s emulator-5554 emu avd name                   subprocess.py:823
           >>> Working Directory:                                                                                                                                  subprocess.py:823
           >>>     C:\Users\Zoldowski\OneDrive\CIS350\Final_Project\client\fitmaster                                                                               subprocess.py:823
           >>> Command Output:                                                                                                                                     subprocess.py:823
           >>>     Pixel_3a_API_34                                                                                                                                 subprocess.py:823
           >>>                                                                                                                                                     subprocess.py:823
           >>>     OK                                                                                                                                              subprocess.py:823
           >>>                                                                                                                                                     subprocess.py:823
           >>> Return code: 0                                                                                                                                      subprocess.py:823
                                                                                                                                                                   subprocess.py:823
           >>> Running Command:                                                                                                                                    subprocess.py:823
           >>>     'C:\Users\thoma\AppData\Local\BeeWare\briefcase\Cache\tools\android_sdk\emulator\emulator.exe' -list-avds                                       subprocess.py:823
           >>> Working Directory:                                                                                                                                  subprocess.py:823
           >>>     C:\Users\Zoldowski\OneDrive\CIS350\Final_Project\client\fitmaster                                                                               subprocess.py:823
           >>> Command Output:                                                                                                                                     subprocess.py:823
           >>>     INFO    | Storing crashdata in: C:\Users\thoma\AppData\Local\Temp\\AndroidEmulator\emu-crash-34.2.15.db, detection is enabled for process:      subprocess.py:823
           32168                                                                                                                                                                    
           >>>     Pixel_3a_API_34                                                                                                                                 subprocess.py:823
           >>> Return code: 0                                                                                                                                      subprocess.py:823
                                                                                                                                                                 android_sdk.py:1017
           Select device:                                                                                                                                        android_sdk.py:1018
                                                                                                                                                                 android_sdk.py:1019
             1) @Pixel_3a_API_34 (running emulator)                                                                                                                   console.py:816
             2) Create a new Android emulator                                                                                                                         console.py:816
                                                                                                                                                                      console.py:818
[16:18:13] >                                                                                                                                                          console.py:821
           User input: 1                                                                                                                                              console.py:821
                                                                                                                                                                 android_sdk.py:1064
           In future, you can specify this device by running:                                                                                                    android_sdk.py:1064
                                                                                                                                                                 android_sdk.py:1064
               $ briefcase run android -d "@Pixel_3a_API_34"                                                                                                     android_sdk.py:1064
                                                                                                                                                                       gradle.py:410
           [fitmaster] Starting app on @Pixel_3a_API_34 (running emulator) (device ID emulator-5554)                                                                   gradle.py:410
                                                                                                                                                                       gradle.py:422
           [fitmaster] Installing app...                                                                                                                               gradle.py:422
           Stopping old versions of the app... started                                                                                                                 gradle.py:423
                                                                                                                                                                   subprocess.py:823
           >>> Running Command:                                                                                                                                    subprocess.py:823
           >>>     'C:\Users\thoma\AppData\Local\BeeWare\briefcase\Cache\tools\android_sdk\platform-tools\adb.exe' -s emulator-5554 shell am force-stop            subprocess.py:823
           org.beeware.fitmaster.fitmaster                                                                                                                                          
           >>> Working Directory:                                                                                                                                  subprocess.py:823
           >>>     C:\Users\Zoldowski\OneDrive\CIS350\Final_Project\client\fitmaster                                                                               subprocess.py:823
           >>> Return code: 0                                                                                                                                      subprocess.py:823
           Stopping old versions of the app... done                                                                                                                    gradle.py:423
           Installing new app version... started                                                                                                                       gradle.py:427
                                                                                                                                                                   subprocess.py:823
           >>> Running Command:                                                                                                                                    subprocess.py:823
           >>>     'C:\Users\thoma\AppData\Local\BeeWare\briefcase\Cache\tools\android_sdk\platform-tools\adb.exe' -s emulator-5554 install -r                     subprocess.py:823
           'C:\Users\Zoldowski\OneDrive\CIS350\Final_Project\client\fitmaster\build\fitmaster\android\gradle\app\build\outputs\apk\debug\app-debug.apk'                             
           >>> Working Directory:                                                                                                                                  subprocess.py:823
           >>>     C:\Users\Zoldowski\OneDrive\CIS350\Final_Project\client\fitmaster                                                                               subprocess.py:823
           >>> Command Output:                                                                                                                                     subprocess.py:823
           >>>     Performing Streamed Install                                                                                                                     subprocess.py:823
           >>>     Success                                                                                                                                         subprocess.py:823
           >>> Return code: 0                                                                                                                                      subprocess.py:823
           Installing new app version... done                                                                                                                          gradle.py:427
           Launching app... started                                                                                                                                    gradle.py:431
                                                                                                                                                                   subprocess.py:823
           >>> Running Command:                                                                                                                                    subprocess.py:823
           >>>     'C:\Users\thoma\AppData\Local\BeeWare\briefcase\Cache\tools\android_sdk\platform-tools\adb.exe' -s emulator-5554 shell date '+'"'"'%Y-%m-%d     subprocess.py:823
           %H:%M:%S'"'"''                                                                                                                                                           
           >>> Working Directory:                                                                                                                                  subprocess.py:823
           >>>     C:\Users\Zoldowski\OneDrive\CIS350\Final_Project\client\fitmaster                                                                               subprocess.py:823
[16:18:14] >>> Command Output:                                                                                                                                     subprocess.py:823
           >>>     2024-06-03 16:18:13                                                                                                                             subprocess.py:823
           >>> Return code: 0                                                                                                                                      subprocess.py:823
                                                                                                                                                                   subprocess.py:823
           >>> Running Command:                                                                                                                                    subprocess.py:823
           >>>     'C:\Users\thoma\AppData\Local\BeeWare\briefcase\Cache\tools\android_sdk\platform-tools\adb.exe' -s emulator-5554 shell am start -n              subprocess.py:823
           org.beeware.fitmaster.fitmaster/org.beeware.android.MainActivity -a android.intent.action.MAIN -c android.intent.category.LAUNCHER --es                                  
           org.beeware.ARGV ''"'"'[]'"'"''                                                                                                                                          
           >>> Working Directory:                                                                                                                                  subprocess.py:823
           >>>     C:\Users\Zoldowski\OneDrive\CIS350\Final_Project\client\fitmaster                                                                               subprocess.py:823
           >>> Command Output:                                                                                                                                     subprocess.py:823
           >>>     Starting: Intent { act=android.intent.action.MAIN cat=[android.intent.category.LAUNCHER]                                                        subprocess.py:823
           cmp=org.beeware.fitmaster.fitmaster/org.beeware.android.MainActivity (has extras) }                                                                                      
           >>>     Error type 3                                                                                                                                    subprocess.py:823
           >>>     Error: Activity class {org.beeware.fitmaster.fitmaster/org.beeware.android.MainActivity} does not exist.                                        subprocess.py:823
           >>> Return code: 0                                                                                                                                      subprocess.py:823
           Launching app... errored                                                                                                                                    gradle.py:431
                                                                                                                                                                      __main__.py:44
           Activity class not found while starting app.                                                                                                               __main__.py:45
                                                                                                                                                                      __main__.py:45
           `adb` output:                                                                                                                                              __main__.py:45
                                                                                                                                                                      __main__.py:45
               Starting: Intent { act=android.intent.action.MAIN cat=[android.intent.category.LAUNCHER]                                                               __main__.py:45
           cmp=org.beeware.fitmaster.fitmaster/org.beeware.android.MainActivity (has extras) }                                                                                      
           Error type 3                                                                                                                                               __main__.py:45
           Error: Activity class {org.beeware.fitmaster.fitmaster/org.beeware.android.MainActivity} does not exist.                                                   __main__.py:45
                                                                                                                                                                      __main__.py:45
           Saving log... started                                                                                                                                      console.py:390

Main thread traceback:
╭─────────────────────────────────────────────────────────────────────── Traceback (most recent call last) ────────────────────────────────────────────────────────────────────────╮
│ C:\Users\thoma\AppData\Local\Programs\Python\Python310\lib\site-packages\briefcase\__main__.py:29 in main                                                                        │
│                                                                                                                                                                                  │
│   26 │   │   │   Path.cwd() / "pyproject.toml",                                                                                                                                  │
│   27 │   │   │   overrides=overrides,                                                                                                                                            │
│   28 │   │   )                                                                                                                                                                   │
│ ❱ 29 │   │   command(**options)                                                                                                                                                  │
│   30 │   except HelpText as e:                                                                                                                                                   │
│   31 │   │   logger.info()                                                                                                                                                       │
│   32 │   │   logger.info(str(e))                                                                                                                                                 │
│                                                                                                                                                                                  │
│ ╭─────────────────────────────────────────────────────────────────────────────────── locals ───────────────────────────────────────────────────────────────────────────────────╮ │
│ │       command = <briefcase.platforms.android.gradle.GradleRunCommand object at 0x000001D903F0B850>                                                                           │ │
│ │       Command = <class 'briefcase.platforms.android.gradle.GradleRunCommand'>                                                                                                │ │
│ │       console = <briefcase.console.Console object at 0x000001D903F0B400>                                                                                                     │ │
│ │             e = BriefcaseCommandError('Activity class not found while starting app.\n\n`adb` output:\n\n    Starting: Intent { act=android.intent.action.MAIN                │ │
│ │                 cat=[android.intent.category.LAUNCHER] cmp=org.beeware.fitmaster.fitmaster/org.beeware.android.MainActivity (has extras) }\nError type 3\nError: Activity    │ │
│ │                 class {org.beeware.fitmaster.fitmaster/org.beeware.android.MainActivity} does not exist.\n\n')                                                               │ │
│ │ extra_cmdline = []                                                                                                                                                           │ │
│ │        logger = <briefcase.console.Log object at 0x000001D903F0BEB0>                                                                                                         │ │
│ │       options = {                                                                                                                                                            │ │
│ │                 │   'appname': None,                                                                                                                                         │ │
│ │                 │   'update': False,                                                                                                                                         │ │
│ │                 │   'update_requirements': False,                                                                                                                            │ │
│ │                 │   'update_support': False,                                                                                                                                 │ │
│ │                 │   'update_resources': False,                                                                                                                               │ │
│ │                 │   'no_update': False,                                                                                                                                      │ │
│ │                 │   'test_mode': False,                                                                                                                                      │ │
│ │                 │   'device_or_avd': None,                                                                                                                                   │ │
│ │                 │   'extra_emulator_args': None,                                                                                                                             │ │
│ │                 │   'shutdown_on_exit': False,                                                                                                                               │ │
│ │                 │   ... +1                                                                                                                                                   │ │
│ │                 }                                                                                                                                                            │ │
│ │     overrides = {}                                                                                                                                                           │ │
│ │       printer = <briefcase.console.Printer object at 0x000001D90090DF00>                                                                                                     │ │
│ │        result = 200                                                                                                                                                          │ │
│ ╰──────────────────────────────────────────────────────────────────────────────────────────────────────────────────────────────────────────────────────────────────────────────╯ │
│                                                                                                                                                                                  │
│ C:\Users\thoma\AppData\Local\Programs\Python\Python310\lib\site-packages\briefcase\commands\run.py:314 in __call__                                                               │
│                                                                                                                                                                                  │
│   311 │   │                                                                                                                                                                      │
│   312 │   │   self.verify_app(app)                                                                                                                                               │
│   313 │   │                                                                                                                                                                      │
│ ❱ 314 │   │   state = self.run_app(                                                                                                                                              │
│   315 │   │   │   app,                                                                                                                                                           │
│   316 │   │   │   test_mode=test_mode,                                                                                                                                           │
│   317 │   │   │   passthrough=[] if passthrough is None else passthrough,                                                                                                        │
│                                                                                                                                                                                  │
│ ╭─────────────────────────────────────────────────────────────────────────────────── locals ───────────────────────────────────────────────────────────────────────────────────╮ │
│ │                 app = <org.beeware.fitmaster.fitmaster v0.0.1 AppConfig>                                                                                                     │ │
│ │             appname = None                                                                                                                                                   │ │
│ │         binary_file = WindowsPath('C:/Users/Zoldowski/OneDrive/CIS350/Final_Project/client/fitmaster/build/fitmaster/android/gradle/app/build/outputs/apk/debug/app-debug.a… │ │
│ │           no_update = False                                                                                                                                                  │ │
│ │             options = {'device_or_avd': None, 'extra_emulator_args': None, 'shutdown_on_exit': False}                                                                        │ │
│ │         passthrough = []                                                                                                                                                     │ │
│ │                self = <briefcase.platforms.android.gradle.GradleRunCommand object at 0x000001D903F0B850>                                                                     │ │
│ │               state = None                                                                                                                                                   │ │
│ │       template_file = WindowsPath('C:/Users/Zoldowski/OneDrive/CIS350/Final_Project/client/fitmaster/build/fitmaster/android/gradle')                                        │ │
│ │           test_mode = False                                                                                                                                                  │ │
│ │              update = False                                                                                                                                                  │ │
│ │ update_requirements = False                                                                                                                                                  │ │
│ │    update_resources = False                                                                                                                                                  │ │
│ │      update_support = False                                                                                                                                                  │ │
│ ╰──────────────────────────────────────────────────────────────────────────────────────────────────────────────────────────────────────────────────────────────────────────────╯ │
│                                                                                                                                                                                  │
│ C:\Users\thoma\AppData\Local\Programs\Python\Python310\lib\site-packages\briefcase\platforms\android\gradle.py:435 in run_app                                                    │
│                                                                                                                                                                                  │
│   432 │   │   │   │   # capture the earliest time for device logging in case PID not found                                                                                       │
│   433 │   │   │   │   device_start_time = adb.datetime()                                                                                                                         │
│   434 │   │   │   │                                                                                                                                                              │
│ ❱ 435 │   │   │   │   adb.start_app(package, "org.beeware.android.MainActivity", passthrough)                                                                                    │
│   436 │   │   │   │                                                                                                                                                              │
│   437 │   │   │   │   # Try to get the PID for 5 seconds.                                                                                                                        │
│   438 │   │   │   │   pid = None                                                                                                                                                 │
│                                                                                                                                                                                  │
│ ╭───────────────────────────────────────────────── locals ─────────────────────────────────────────────────╮                                                                     │
│ │                 adb = <briefcase.integrations.android_sdk.ADB object at 0x000001D903F7F850>              │                                                                     │
│ │                 app = <org.beeware.fitmaster.fitmaster v0.0.1 AppConfig>                                 │                                                                     │
│ │                 avd = 'Pixel_3a_API_34'                                                                  │                                                                     │
│ │              device = 'emulator-5554'                                                                    │                                                                     │
│ │       device_or_avd = None                                                                               │                                                                     │
│ │   device_start_time = datetime.datetime(2024, 6, 3, 16, 18, 13)                                          │                                                                     │
│ │ extra_emulator_args = None                                                                               │                                                                     │
│ │              kwargs = {}                                                                                 │                                                                     │
│ │               label = 'app'                                                                              │                                                                     │
│ │                name = '@Pixel_3a_API_34 (running emulator)'                                              │                                                                     │
│ │             package = 'org.beeware.fitmaster.fitmaster'                                                  │                                                                     │
│ │         passthrough = []                                                                                 │                                                                     │
│ │                self = <briefcase.platforms.android.gradle.GradleRunCommand object at 0x000001D903F0B850> │                                                                     │
│ │    shutdown_on_exit = False                                                                              │                                                                     │
│ │           test_mode = False                                                                              │                                                                     │
│ ╰──────────────────────────────────────────────────────────────────────────────────────────────────────────╯                                                                     │
│                                                                                                                                                                                  │
│ C:\Users\thoma\AppData\Local\Programs\Python\Python310\lib\site-packages\briefcase\integrations\android_sdk.py:1559 in start_app                                                 │
│                                                                                                                                                                                  │
│   1556 │   │   │   │   and line.endswith("does not exist.")                                                                                                                      │
│   1557 │   │   │   │   for line in output.split("\n")                                                                                                                            │
│   1558 │   │   │   ):                                                                                                                                                            │
│ ❱ 1559 │   │   │   │   raise BriefcaseCommandError(                                                                                                                              │
│   1560 │   │   │   │   │   f"""\                                                                                                                                                 │
│   1561 Activity class not found while starting app.                                                                                                                              │
│   1562                                                                                                                                                                           │
│                                                                                                                                                                                  │
│ ╭─────────────────────────────────────────────── locals ───────────────────────────────────────────────╮                                                                         │
│ │    activity = 'org.beeware.android.MainActivity'                                                     │                                                                         │
│ │      output = 'Starting: Intent { act=android.intent.action.MAIN cat=[android.intent.category.L'+211 │                                                                         │
│ │     package = 'org.beeware.fitmaster.fitmaster'                                                      │                                                                         │
│ │ passthrough = []                                                                                     │                                                                         │
│ │        self = <briefcase.integrations.android_sdk.ADB object at 0x000001D903F7F850>                  │                                                                         │
│ ╰──────────────────────────────────────────────────────────────────────────────────────────────────────╯                                                                         │
╰──────────────────────────────────────────────────────────────────────────────────────────────────────────────────────────────────────────────────────────────────────────────────╯
BriefcaseCommandError: Activity class not found while starting app.

`adb` output:

    Starting: Intent { act=android.intent.action.MAIN cat=[android.intent.category.LAUNCHER] cmp=org.beeware.fitmaster.fitmaster/org.beeware.android.MainActivity (has extras) }
Error type 3
Error: Activity class {org.beeware.fitmaster.fitmaster/org.beeware.android.MainActivity} does not exist.


           Collecting extra information for log... started                                                                                                            console.py:425
                                                                                                                                                                      console.py:429
           Extra information:                                                                                                                                         console.py:430
                                                                                                                                                                   subprocess.py:823
           >>> Running Command:                                                                                                                                    subprocess.py:823
           >>>     'C:\Users\thoma\AppData\Local\BeeWare\briefcase\Cache\tools\android_sdk\cmdline-tools\9.0\bin\sdkmanager.bat' --list_installed                  subprocess.py:823
           >>> Working Directory:                                                                                                                                  subprocess.py:823
           >>>     C:\Users\Zoldowski\OneDrive\CIS350\Final_Project\client\fitmaster                                                                               subprocess.py:823
           >>> Environment Overrides:                                                                                                                              subprocess.py:823
           >>>     ANDROID_HOME=C:\Users\thoma\AppData\Local\BeeWare\briefcase\Cache\tools\android_sdk                                                             subprocess.py:823
           >>>     ANDROID_SDK_ROOT=C:\Users\thoma\AppData\Local\BeeWare\briefcase\Cache\tools\android_sdk                                                         subprocess.py:823
           >>>     JAVA_HOME=C:\Users\thoma\AppData\Local\BeeWare\briefcase\Cache\tools\java17                                                                     subprocess.py:823
           >>> Command Output:                                                                                                                                     subprocess.py:823
           >>>     Loading package information...                                                                                                                  subprocess.py:823
           >>>     Loading local repository...                                                                                                                     subprocess.py:823
           >>>     [=========                              ] 25% Loading local repository...                                                                       subprocess.py:823
           >>>     [=========                              ] 25% Fetch remote repository...                                                                        subprocess.py:823
           >>>     [=======================================] 100% Fetch remote repository...                                                                       subprocess.py:823
           >>>                                                                                                                                                     subprocess.py:823
           >>>     Installed packages:                                                                                                                             subprocess.py:823
           >>>       Path                 | Version | Description                | Location                                                                        subprocess.py:823
           >>>       -------              | ------- | -------                    | -------                                                                         subprocess.py:823
           >>>       build-tools;34.0.0   | 34.0.0  | Android SDK Build-Tools 34 | build-tools\34.0.0                                                              subprocess.py:823
           >>>       emulator             | 34.2.15 | Android Emulator           | emulator                                                                        subprocess.py:823
           >>>       platform-tools       | 35.0.1  | Android SDK Platform-Tools | platform-tools                                                                  subprocess.py:823
           >>>       platforms;android-34 | 3       | Android SDK Platform 34    | platforms\android-34                                                            subprocess.py:823
           >>>                                                                                                                                                     subprocess.py:823
           >>> Return code: 0                                                                                                                                      subprocess.py:823
           Collecting extra information for log... done                                                                                                               console.py:425
